+ unset DRMAA_LIBRARY_PATH
+++ which conda
++ /fast/users/szyskam_c/work/miniconda/condabin/conda shell.bash hook
+ eval 'export CONDA_EXE='\''/fast/users/szyskam_c/work/miniconda/bin/conda'\''
export _CE_M='\'''\''
export _CE_CONDA='\'''\''
export CONDA_PYTHON_EXE='\''/fast/users/szyskam_c/work/miniconda/bin/python'\''

# Copyright (C) 2012 Anaconda, Inc
# SPDX-License-Identifier: BSD-3-Clause

__add_sys_prefix_to_path() {
    # In dev-mode CONDA_EXE is python.exe and on Windows
    # it is in a different relative location to condabin.
    if [ -n "${_CE_CONDA}" ] && [ -n "${WINDIR+x}" ]; then
        SYSP=$(\dirname "${CONDA_EXE}")
    else
        SYSP=$(\dirname "${CONDA_EXE}")
        SYSP=$(\dirname "${SYSP}")
    fi

    if [ -n "${WINDIR+x}" ]; then
        PATH="${SYSP}/bin:${PATH}"
        PATH="${SYSP}/Scripts:${PATH}"
        PATH="${SYSP}/Library/bin:${PATH}"
        PATH="${SYSP}/Library/usr/bin:${PATH}"
        PATH="${SYSP}/Library/mingw-w64/bin:${PATH}"
        PATH="${SYSP}:${PATH}"
    else
        PATH="${SYSP}/bin:${PATH}"
    fi
    \export PATH
}

__conda_hashr() {
    if [ -n "${ZSH_VERSION:+x}" ]; then
        \rehash
    elif [ -n "${POSH_VERSION:+x}" ]; then
        :  # pass
    else
        \hash -r
    fi
}

__conda_activate() {
    if [ -n "${CONDA_PS1_BACKUP:+x}" ]; then
        # Handle transition from shell activated with conda <= 4.3 to a subsequent activation
        # after conda updated to >= 4.4. See issue #6173.
        PS1="$CONDA_PS1_BACKUP"
        \unset CONDA_PS1_BACKUP
    fi

    \local cmd="$1"
    shift
    \local ask_conda
    CONDA_INTERNAL_OLDPATH="${PATH}"
    __add_sys_prefix_to_path
    ask_conda="$(PS1="$PS1" "$CONDA_EXE" $_CE_M $_CE_CONDA shell.posix "$cmd" "$@")" || \return $?
    rc=$?
    PATH="${CONDA_INTERNAL_OLDPATH}"
    \eval "$ask_conda"
    if [ $rc != 0 ]; then
        \export PATH
    fi
    __conda_hashr
}

__conda_reactivate() {
    \local ask_conda
    CONDA_INTERNAL_OLDPATH="${PATH}"
    __add_sys_prefix_to_path
    ask_conda="$(PS1="$PS1" "$CONDA_EXE" $_CE_M $_CE_CONDA shell.posix reactivate)" || \return $?
    PATH="${CONDA_INTERNAL_OLDPATH}"
    \eval "$ask_conda"
    __conda_hashr
}

conda() {
    if [ "$#" -lt 1 ]; then
        "$CONDA_EXE" $_CE_M $_CE_CONDA
    else
        \local cmd="$1"
        shift
        case "$cmd" in
            activate|deactivate)
                __conda_activate "$cmd" "$@"
                ;;
            install|update|upgrade|remove|uninstall)
                CONDA_INTERNAL_OLDPATH="${PATH}"
                __add_sys_prefix_to_path
                "$CONDA_EXE" $_CE_M $_CE_CONDA "$cmd" "$@"
                \local t1=$?
                PATH="${CONDA_INTERNAL_OLDPATH}"
                if [ $t1 = 0 ]; then
                    __conda_reactivate
                else
                    return $t1
                fi
                ;;
            *)
                CONDA_INTERNAL_OLDPATH="${PATH}"
                __add_sys_prefix_to_path
                "$CONDA_EXE" $_CE_M $_CE_CONDA "$cmd" "$@"
                \local t1=$?
                PATH="${CONDA_INTERNAL_OLDPATH}"
                return $t1
                ;;
        esac
    fi
}

if [ -z "${CONDA_SHLVL+x}" ]; then
    \export CONDA_SHLVL=0
    # In dev-mode CONDA_EXE is python.exe and on Windows
    # it is in a different relative location to condabin.
    if [ -n "${_CE_CONDA+x}" ] && [ -n "${WINDIR+x}" ]; then
        PATH="$(\dirname "$CONDA_EXE")/condabin${PATH:+":${PATH}"}"
    else
        PATH="$(\dirname "$(\dirname "$CONDA_EXE")")/condabin${PATH:+":${PATH}"}"
    fi
    \export PATH

    # We'\''re not allowing PS1 to be unbound. It must at least be set.
    # However, we'\''re not exporting it, which can cause problems when starting a second shell
    # via a first shell (i.e. starting zsh from bash).
    if [ -z "${PS1+x}" ]; then
        PS1=
    fi
fi

conda activate base'
++ export CONDA_EXE=/fast/users/szyskam_c/work/miniconda/bin/conda
++ CONDA_EXE=/fast/users/szyskam_c/work/miniconda/bin/conda
++ export _CE_M=
++ _CE_M=
++ export _CE_CONDA=
++ _CE_CONDA=
++ export CONDA_PYTHON_EXE=/fast/users/szyskam_c/work/miniconda/bin/python
++ CONDA_PYTHON_EXE=/fast/users/szyskam_c/work/miniconda/bin/python
++ '[' -z x ']'
++ conda activate base
++ '[' 2 -lt 1 ']'
++ local cmd=activate
++ shift
++ case "$cmd" in
++ __conda_activate activate base
++ '[' -n '' ']'
++ local cmd=activate
++ shift
++ local ask_conda
++ CONDA_INTERNAL_OLDPATH=/fast/users/szyskam_c/work/miniconda/envs/WES-env/bin:/fast/users/szyskam_c/work/miniconda/condabin:/fast/users/szyskam_c/work/utils/myscripts/symlinx:/fast/users/szyskam_c/work/miniconda/bin:/fast/users/szyskam_c/.local/bin:/fast/users/szyskam_c/work/utils/cellranger-3.1.0:/usr/local/bin:/usr/bin:/usr/local/sbin:/usr/sbin
++ __add_sys_prefix_to_path
++ '[' -n '' ']'
+++ dirname /fast/users/szyskam_c/work/miniconda/bin/conda
++ SYSP=/fast/users/szyskam_c/work/miniconda/bin
+++ dirname /fast/users/szyskam_c/work/miniconda/bin
++ SYSP=/fast/users/szyskam_c/work/miniconda
++ '[' -n '' ']'
++ PATH=/fast/users/szyskam_c/work/miniconda/bin:/fast/users/szyskam_c/work/miniconda/envs/WES-env/bin:/fast/users/szyskam_c/work/miniconda/condabin:/fast/users/szyskam_c/work/utils/myscripts/symlinx:/fast/users/szyskam_c/work/miniconda/bin:/fast/users/szyskam_c/.local/bin:/fast/users/szyskam_c/work/utils/cellranger-3.1.0:/usr/local/bin:/usr/bin:/usr/local/sbin:/usr/sbin
++ export PATH
+++ PS1=
+++ /fast/users/szyskam_c/work/miniconda/bin/conda shell.posix activate base
++ ask_conda='export PATH='\''/fast/users/szyskam_c/work/miniconda/bin:/fast/users/szyskam_c/work/miniconda/condabin:/fast/users/szyskam_c/work/utils/myscripts/symlinx:/fast/users/szyskam_c/work/miniconda/bin:/fast/users/szyskam_c/.local/bin:/fast/users/szyskam_c/work/utils/cellranger-3.1.0:/usr/local/bin:/usr/bin:/usr/local/sbin:/usr/sbin'\''
unset CONDA_PREFIX_1
PS1='\''(base) '\''
export CONDA_PREFIX='\''/fast/users/szyskam_c/work/miniconda'\''
export CONDA_SHLVL='\''1'\''
export CONDA_DEFAULT_ENV='\''base'\''
export CONDA_PROMPT_MODIFIER='\''(base) '\''
export CONDA_EXE='\''/fast/users/szyskam_c/work/miniconda/bin/conda'\''
export _CE_M='\'''\''
export _CE_CONDA='\'''\''
export CONDA_PYTHON_EXE='\''/fast/users/szyskam_c/work/miniconda/bin/python'\'''
++ rc=0
++ PATH=/fast/users/szyskam_c/work/miniconda/envs/WES-env/bin:/fast/users/szyskam_c/work/miniconda/condabin:/fast/users/szyskam_c/work/utils/myscripts/symlinx:/fast/users/szyskam_c/work/miniconda/bin:/fast/users/szyskam_c/.local/bin:/fast/users/szyskam_c/work/utils/cellranger-3.1.0:/usr/local/bin:/usr/bin:/usr/local/sbin:/usr/sbin
++ eval 'export PATH='\''/fast/users/szyskam_c/work/miniconda/bin:/fast/users/szyskam_c/work/miniconda/condabin:/fast/users/szyskam_c/work/utils/myscripts/symlinx:/fast/users/szyskam_c/work/miniconda/bin:/fast/users/szyskam_c/.local/bin:/fast/users/szyskam_c/work/utils/cellranger-3.1.0:/usr/local/bin:/usr/bin:/usr/local/sbin:/usr/sbin'\''
unset CONDA_PREFIX_1
PS1='\''(base) '\''
export CONDA_PREFIX='\''/fast/users/szyskam_c/work/miniconda'\''
export CONDA_SHLVL='\''1'\''
export CONDA_DEFAULT_ENV='\''base'\''
export CONDA_PROMPT_MODIFIER='\''(base) '\''
export CONDA_EXE='\''/fast/users/szyskam_c/work/miniconda/bin/conda'\''
export _CE_M='\'''\''
export _CE_CONDA='\'''\''
export CONDA_PYTHON_EXE='\''/fast/users/szyskam_c/work/miniconda/bin/python'\'''
+++ export PATH=/fast/users/szyskam_c/work/miniconda/bin:/fast/users/szyskam_c/work/miniconda/condabin:/fast/users/szyskam_c/work/utils/myscripts/symlinx:/fast/users/szyskam_c/work/miniconda/bin:/fast/users/szyskam_c/.local/bin:/fast/users/szyskam_c/work/utils/cellranger-3.1.0:/usr/local/bin:/usr/bin:/usr/local/sbin:/usr/sbin
+++ PATH=/fast/users/szyskam_c/work/miniconda/bin:/fast/users/szyskam_c/work/miniconda/condabin:/fast/users/szyskam_c/work/utils/myscripts/symlinx:/fast/users/szyskam_c/work/miniconda/bin:/fast/users/szyskam_c/.local/bin:/fast/users/szyskam_c/work/utils/cellranger-3.1.0:/usr/local/bin:/usr/bin:/usr/local/sbin:/usr/sbin
+++ unset CONDA_PREFIX_1
+++ PS1='(base) '
+++ export CONDA_PREFIX=/fast/users/szyskam_c/work/miniconda
+++ CONDA_PREFIX=/fast/users/szyskam_c/work/miniconda
+++ export CONDA_SHLVL=1
+++ CONDA_SHLVL=1
+++ export CONDA_DEFAULT_ENV=base
+++ CONDA_DEFAULT_ENV=base
+++ export 'CONDA_PROMPT_MODIFIER=(base) '
+++ CONDA_PROMPT_MODIFIER='(base) '
+++ export CONDA_EXE=/fast/users/szyskam_c/work/miniconda/bin/conda
+++ CONDA_EXE=/fast/users/szyskam_c/work/miniconda/bin/conda
+++ export _CE_M=
+++ _CE_M=
+++ export _CE_CONDA=
+++ _CE_CONDA=
+++ export CONDA_PYTHON_EXE=/fast/users/szyskam_c/work/miniconda/bin/python
+++ CONDA_PYTHON_EXE=/fast/users/szyskam_c/work/miniconda/bin/python
++ '[' 0 '!=' 0 ']'
++ __conda_hashr
++ '[' -n '' ']'
++ '[' -n '' ']'
++ hash -r
+ conda activate WES-env
+ '[' 2 -lt 1 ']'
+ local cmd=activate
+ shift
+ case "$cmd" in
+ __conda_activate activate WES-env
+ '[' -n '' ']'
+ local cmd=activate
+ shift
+ local ask_conda
+ CONDA_INTERNAL_OLDPATH=/fast/users/szyskam_c/work/miniconda/bin:/fast/users/szyskam_c/work/miniconda/condabin:/fast/users/szyskam_c/work/utils/myscripts/symlinx:/fast/users/szyskam_c/work/miniconda/bin:/fast/users/szyskam_c/.local/bin:/fast/users/szyskam_c/work/utils/cellranger-3.1.0:/usr/local/bin:/usr/bin:/usr/local/sbin:/usr/sbin
+ __add_sys_prefix_to_path
+ '[' -n '' ']'
++ dirname /fast/users/szyskam_c/work/miniconda/bin/conda
+ SYSP=/fast/users/szyskam_c/work/miniconda/bin
++ dirname /fast/users/szyskam_c/work/miniconda/bin
+ SYSP=/fast/users/szyskam_c/work/miniconda
+ '[' -n '' ']'
+ PATH=/fast/users/szyskam_c/work/miniconda/bin:/fast/users/szyskam_c/work/miniconda/bin:/fast/users/szyskam_c/work/miniconda/condabin:/fast/users/szyskam_c/work/utils/myscripts/symlinx:/fast/users/szyskam_c/work/miniconda/bin:/fast/users/szyskam_c/.local/bin:/fast/users/szyskam_c/work/utils/cellranger-3.1.0:/usr/local/bin:/usr/bin:/usr/local/sbin:/usr/sbin
+ export PATH
++ PS1='(base) '
++ /fast/users/szyskam_c/work/miniconda/bin/conda shell.posix activate WES-env
+ ask_conda='PS1='\''(WES-env) '\''
export PATH='\''/fast/users/szyskam_c/work/miniconda/envs/WES-env/bin:/fast/users/szyskam_c/work/miniconda/condabin:/fast/users/szyskam_c/work/utils/myscripts/symlinx:/fast/users/szyskam_c/work/miniconda/bin:/fast/users/szyskam_c/.local/bin:/fast/users/szyskam_c/work/utils/cellranger-3.1.0:/usr/local/bin:/usr/bin:/usr/local/sbin:/usr/sbin'\''
export CONDA_PREFIX='\''/fast/users/szyskam_c/work/miniconda/envs/WES-env'\''
export CONDA_SHLVL='\''2'\''
export CONDA_DEFAULT_ENV='\''WES-env'\''
export CONDA_PROMPT_MODIFIER='\''(WES-env) '\''
export CONDA_EXE='\''/fast/users/szyskam_c/work/miniconda/bin/conda'\''
export _CE_M='\'''\''
export _CE_CONDA='\'''\''
export CONDA_PYTHON_EXE='\''/fast/users/szyskam_c/work/miniconda/bin/python'\''
export CONDA_PREFIX_1='\''/fast/users/szyskam_c/work/miniconda'\'''
+ rc=0
+ PATH=/fast/users/szyskam_c/work/miniconda/bin:/fast/users/szyskam_c/work/miniconda/condabin:/fast/users/szyskam_c/work/utils/myscripts/symlinx:/fast/users/szyskam_c/work/miniconda/bin:/fast/users/szyskam_c/.local/bin:/fast/users/szyskam_c/work/utils/cellranger-3.1.0:/usr/local/bin:/usr/bin:/usr/local/sbin:/usr/sbin
+ eval 'PS1='\''(WES-env) '\''
export PATH='\''/fast/users/szyskam_c/work/miniconda/envs/WES-env/bin:/fast/users/szyskam_c/work/miniconda/condabin:/fast/users/szyskam_c/work/utils/myscripts/symlinx:/fast/users/szyskam_c/work/miniconda/bin:/fast/users/szyskam_c/.local/bin:/fast/users/szyskam_c/work/utils/cellranger-3.1.0:/usr/local/bin:/usr/bin:/usr/local/sbin:/usr/sbin'\''
export CONDA_PREFIX='\''/fast/users/szyskam_c/work/miniconda/envs/WES-env'\''
export CONDA_SHLVL='\''2'\''
export CONDA_DEFAULT_ENV='\''WES-env'\''
export CONDA_PROMPT_MODIFIER='\''(WES-env) '\''
export CONDA_EXE='\''/fast/users/szyskam_c/work/miniconda/bin/conda'\''
export _CE_M='\'''\''
export _CE_CONDA='\'''\''
export CONDA_PYTHON_EXE='\''/fast/users/szyskam_c/work/miniconda/bin/python'\''
export CONDA_PREFIX_1='\''/fast/users/szyskam_c/work/miniconda'\'''
++ PS1='(WES-env) '
++ export PATH=/fast/users/szyskam_c/work/miniconda/envs/WES-env/bin:/fast/users/szyskam_c/work/miniconda/condabin:/fast/users/szyskam_c/work/utils/myscripts/symlinx:/fast/users/szyskam_c/work/miniconda/bin:/fast/users/szyskam_c/.local/bin:/fast/users/szyskam_c/work/utils/cellranger-3.1.0:/usr/local/bin:/usr/bin:/usr/local/sbin:/usr/sbin
++ PATH=/fast/users/szyskam_c/work/miniconda/envs/WES-env/bin:/fast/users/szyskam_c/work/miniconda/condabin:/fast/users/szyskam_c/work/utils/myscripts/symlinx:/fast/users/szyskam_c/work/miniconda/bin:/fast/users/szyskam_c/.local/bin:/fast/users/szyskam_c/work/utils/cellranger-3.1.0:/usr/local/bin:/usr/bin:/usr/local/sbin:/usr/sbin
++ export CONDA_PREFIX=/fast/users/szyskam_c/work/miniconda/envs/WES-env
++ CONDA_PREFIX=/fast/users/szyskam_c/work/miniconda/envs/WES-env
++ export CONDA_SHLVL=2
++ CONDA_SHLVL=2
++ export CONDA_DEFAULT_ENV=WES-env
++ CONDA_DEFAULT_ENV=WES-env
++ export 'CONDA_PROMPT_MODIFIER=(WES-env) '
++ CONDA_PROMPT_MODIFIER='(WES-env) '
++ export CONDA_EXE=/fast/users/szyskam_c/work/miniconda/bin/conda
++ CONDA_EXE=/fast/users/szyskam_c/work/miniconda/bin/conda
++ export _CE_M=
++ _CE_M=
++ export _CE_CONDA=
++ _CE_CONDA=
++ export CONDA_PYTHON_EXE=/fast/users/szyskam_c/work/miniconda/bin/python
++ CONDA_PYTHON_EXE=/fast/users/szyskam_c/work/miniconda/bin/python
++ export CONDA_PREFIX_1=/fast/users/szyskam_c/work/miniconda
++ CONDA_PREFIX_1=/fast/users/szyskam_c/work/miniconda
+ '[' 0 '!=' 0 ']'
+ __conda_hashr
+ '[' -n '' ']'
+ '[' -n '' ']'
+ hash -r
+ echo /fast/users/szyskam_c/work/miniconda/envs/WES-env activated
/fast/users/szyskam_c/work/miniconda/envs/WES-env activated
+ DRMAA=' -p {cluster.partition} -t {cluster.t} --mem-per-cpu={cluster.mem} -J {cluster.name} --nodes={cluster.nodes} -n {cluster.threads}'
+ DRMAA=' -p {cluster.partition} -t {cluster.t} --mem-per-cpu={cluster.mem} -J {cluster.name} --nodes={cluster.nodes} -n {cluster.threads} -o /fast/users/szyskam_c/scratch/slogs/bedCov-3707712/{rule}-%j.log'
+ snakemake --unlock --rerun-incomplete
Building DAG of jobs...
Unlocking working directory.
                                                 path sample
0   /fast/groups/ag_damm/work/ref/PoN/HAEv7_hg38_N...  001_B
1   /fast/groups/ag_damm/work/ref/PoN/HAEv7_hg38_N...  002_B
2   /fast/groups/ag_damm/work/ref/PoN/HAEv7_hg38_N...  003_B
3   /fast/groups/ag_damm/work/ref/PoN/HAEv7_hg38_N...  004_B
4   /fast/groups/ag_damm/work/ref/PoN/HAEv7_hg38_N...  005_B
5   /fast/groups/ag_damm/work/ref/PoN/HAEv7_hg38_N...  006_B
6   /fast/groups/ag_damm/work/ref/PoN/HAEv7_hg38_N...  008_B
7   /fast/groups/ag_damm/work/ref/PoN/HAEv7_hg38_N...  009_B
8   /fast/groups/ag_damm/work/ref/PoN/HAEv7_hg38_N...  010_B
9   /fast/groups/ag_damm/work/ref/PoN/HAEv7_hg38_N...  011_B
10  /fast/groups/ag_damm/work/ref/PoN/HAEv7_hg38_N...  012_B
11  /fast/groups/ag_damm/work/ref/PoN/HAEv7_hg38_N...  013_B
12  /fast/groups/ag_damm/work/ref/PoN/HAEv7_hg38_N...  014_B
13  /fast/groups/ag_damm/work/ref/PoN/HAEv7_hg38_N...  015_B
14  /fast/groups/ag_damm/work/ref/PoN/HAEv7_hg38_N...  016_B
15  /fast/groups/ag_damm/work/ref/PoN/HAEv7_hg38_N...  021_B
16  /fast/groups/ag_damm/work/ref/PoN/HAEv7_hg38_N...  029_B
17  /fast/groups/ag_damm/work/ref/PoN/HAEv7_hg38_N...  031_B
18  /fast/groups/ag_damm/work/ref/PoN/HAEv7_hg38_N...  033_B
19  /fast/groups/ag_damm/work/ref/PoN/HAEv7_hg38_N...  034_B
20  /fast/groups/ag_damm/work/ref/PoN/HAEv7_hg38_N...  036_B
21  /fast/groups/ag_damm/work/ref/PoN/HAEv7_hg38_N...  039_B
22  /fast/groups/ag_damm/work/ref/PoN/HAEv7_hg38_N...  040_B
23  /fast/groups/ag_damm/work/ref/PoN/HAEv7_hg38_N...  041_B
24  /fast/groups/ag_damm/work/ref/PoN/HAEv7_hg38_N...  042_B
25  /fast/groups/ag_damm/work/ref/PoN/HAEv7_hg38_N...  044_B
+ snakemake --use-conda --rerun-incomplete --cluster-config configs/cluster/cluster.json --drmaa ' -p {cluster.partition} -t {cluster.t} --mem-per-cpu={cluster.mem} -J {cluster.name} --nodes={cluster.nodes} -n {cluster.threads} -o /fast/users/szyskam_c/scratch/slogs/bedCov-3707712/{rule}-%j.log' -prk -j 1000
Traceback (most recent call last):
  File "/fast/users/szyskam_c/work/miniconda/envs/WES-env/lib/python3.6/site-packages/snakemake/io.py", line 1293, in _load_configfile
    with open(configpath) as f:
FileNotFoundError: [Errno 2] No such file or directory: 'configs/cluster/cluster.json'

During handling of the above exception, another exception occurred:

Traceback (most recent call last):
  File "/fast/users/szyskam_c/work/miniconda/envs/WES-env/bin/snakemake", line 10, in <module>
    sys.exit(main())
  File "/fast/users/szyskam_c/work/miniconda/envs/WES-env/lib/python3.6/site-packages/snakemake/__init__.py", line 2018, in main
    show_failed_logs=args.show_failed_logs,
  File "/fast/users/szyskam_c/work/miniconda/envs/WES-env/lib/python3.6/site-packages/snakemake/__init__.py", line 325, in snakemake
    configs = [load_configfile(f) for f in cluster_config]
  File "/fast/users/szyskam_c/work/miniconda/envs/WES-env/lib/python3.6/site-packages/snakemake/__init__.py", line 325, in <listcomp>
    configs = [load_configfile(f) for f in cluster_config]
  File "/fast/users/szyskam_c/work/miniconda/envs/WES-env/lib/python3.6/site-packages/snakemake/io.py", line 1331, in load_configfile
    config = _load_configfile(configpath)
  File "/fast/users/szyskam_c/work/miniconda/envs/WES-env/lib/python3.6/site-packages/snakemake/io.py", line 1326, in _load_configfile
    raise WorkflowError("{} file {} not found.".format(filetype, configpath))
snakemake.exceptions.WorkflowError: Config file configs/cluster/cluster.json not found.
